d:\курсовой мой\mas\lib\debug\vc141.pdb
d:\курсовой мой\mas\lib\debug\vc141.idb
d:\курсовой мой\mas\lib\debug\error.obj
d:\курсовой мой\mas\lib\debug\fst.obj
d:\курсовой мой\mas\lib\debug\in.obj
d:\курсовой мой\mas\lib\debug\it.obj
d:\курсовой мой\mas\lib\debug\log.obj
d:\курсовой мой\mas\lib\debug\lt.obj
d:\курсовой мой\mas\lib\debug\parm.obj
d:\курсовой мой\mas\lib\debug\lib.pdb
d:\курсовой мой\mas\lib\debug\lib.idb
d:\курсовой мой\mas\debug\lib.lib
d:\курсовой мой\mas\debug\lib.pdb
d:\курсовой мой\mas\lib\debug\lib.tlog\cl.command.1.tlog
d:\курсовой мой\mas\lib\debug\lib.tlog\cl.read.1.tlog
d:\курсовой мой\mas\lib\debug\lib.tlog\cl.write.1.tlog
d:\курсовой мой\mas\lib\debug\lib.tlog\lib-link.read.1.tlog
d:\курсовой мой\mas\lib\debug\lib.tlog\lib-link.write.1.tlog
d:\курсовой мой\mas\lib\debug\lib.tlog\lib.command.1.tlog
d:\курсовой мой\mas\lib\debug\lib.tlog\link.command.1.tlog
d:\курсовой мой\mas\lib\debug\lib.tlog\link.read.1.tlog
d:\курсовой мой\mas\lib\debug\lib.tlog\link.write.1.tlog
