d:\курсовой мой\mas\mas\debug\vc141.pdb
d:\курсовой мой\mas\mas\debug\vc141.idb
d:\курсовой мой\mas\mas\debug\mas.pch
d:\курсовой мой\mas\mas\debug\stdafx.obj
d:\курсовой мой\mas\mas\debug\mas.obj
d:\курсовой мой\mas\mas\debug\fst.obj
d:\курсовой мой\mas\mas\debug\greibach.obj
d:\курсовой мой\mas\mas\debug\lexer.obj
d:\курсовой мой\mas\mas\debug\polishnotation.obj
d:\курсовой мой\mas\mas\debug\semanalize.obj
d:\курсовой мой\mas\mas\debug\mfst.obj
d:\курсовой мой\mas\debug\mas.exe
d:\курсовой мой\mas\debug\mas.ilk
d:\курсовой мой\mas\debug\mas.pdb
d:\курсовой мой\mas\mas\debug\mas.tlog\cl.command.1.tlog
d:\курсовой мой\mas\mas\debug\mas.tlog\cl.read.1.tlog
d:\курсовой мой\mas\mas\debug\mas.tlog\cl.write.1.tlog
d:\курсовой мой\mas\mas\debug\mas.tlog\link.command.1.tlog
d:\курсовой мой\mas\mas\debug\mas.tlog\link.read.1.tlog
d:\курсовой мой\mas\mas\debug\mas.tlog\link.write.1.tlog
